[2019-11-11 22:16:14.322]: entering -- org.netbeans.installer.Installer.main():81
[2019-11-11 22:16:14.340]: initializing the installer engine
[2019-11-11 22:16:14.341]:     entering -- org.netbeans.installer.Installer.<init>():116
[2019-11-11 22:16:14.341]:     ... initializing ErrorHandler
[2019-11-11 22:16:14.392]:     ... end of ErrorHandler initialization
[2019-11-11 22:16:14.393]:     exiting -- org.netbeans.installer.Installer.<init>():116
[2019-11-11 22:16:14.393]:     entering -- org.netbeans.installer.Installer.<init>():117
[2019-11-11 22:16:14.393]:     dumping target system information
[2019-11-11 22:16:14.394]:         system properties:
[2019-11-11 22:16:14.431]:             awt.toolkit => sun.awt.windows.WToolkit
[2019-11-11 22:16:14.431]:             file.encoding => Cp1252
[2019-11-11 22:16:14.431]:             file.encoding.pkg => sun.io
[2019-11-11 22:16:14.431]:             file.separator => \
[2019-11-11 22:16:14.432]:             java.awt.graphicsenv => sun.awt.Win32GraphicsEnvironment
[2019-11-11 22:16:14.432]:             java.awt.printerjob => sun.awt.windows.WPrinterJob
[2019-11-11 22:16:14.433]:             java.class.path => C:\Users\acer\AppData\Local\Temp\\NBI13715.tmp\bundle.jar
[2019-11-11 22:16:14.433]:             java.class.version => 52.0
[2019-11-11 22:16:14.433]:             java.endorsed.dirs => C:\Program Files\Java\jre1.8.0_231\lib\endorsed
[2019-11-11 22:16:14.434]:             java.ext.dirs => C:\Program Files\Java\jre1.8.0_231\lib\ext;C:\WINDOWS\Sun\Java\lib\ext
[2019-11-11 22:16:14.434]:             java.home => C:\Program Files\Java\jre1.8.0_231
[2019-11-11 22:16:14.435]:             java.io.tmpdir => C:\Users\acer\AppData\Local\Temp\
[2019-11-11 22:16:14.435]:             java.library.path => C:\Program Files\Java\jre1.8.0_231\bin;C:\WINDOWS\Sun\Java\bin;C:\WINDOWS\system32;C:\WINDOWS;C:\Program Files (x86)\Common Files\Intel\Shared Libraries\redist\intel64\compiler;C:\Program Files (x86)\Common Files\Oracle\Java\javapath;C:\Program Files (x86)\Intel\iCLS Client\;C:\Program Files\Intel\iCLS Client\;C:\Windows\system32;C:\Windows;C:\Windows\System32\Wbem;C:\Windows\System32\WindowsPowerShell\v1.0\;C:\Windows\System32\OpenSSH\;C:\Program Files (x86)\Intel\Intel(R) Management Engine Components\DAL;C:\Program Files\Intel\Intel(R) Management Engine Components\DAL;C:\Program Files (x86)\Intel\Intel(R) Management Engine Components\IPT;C:\Program Files\Intel\Intel(R) Management Engine Components\IPT;C:\Program Files (x86)\NVIDIA Corporation\PhysX\Common;C:\WINDOWS\system32;C:\WINDOWS;C:\WINDOWS\System32\Wbem;C:\WINDOWS\System32\WindowsPowerShell\v1.0\;C:\WINDOWS\System32\OpenSSH\;C:\Users\acer\AppData\Local\Microsoft\WindowsApps;C:\Users\acer\AppData\Local\GitHubDesktop\bin;.
[2019-11-11 22:16:14.435]:             java.runtime.name => Java(TM) SE Runtime Environment
[2019-11-11 22:16:14.435]:             java.runtime.version => 1.8.0_231-b11
[2019-11-11 22:16:14.435]:             java.specification.name => Java Platform API Specification
[2019-11-11 22:16:14.435]:             java.specification.vendor => Oracle Corporation
[2019-11-11 22:16:14.435]:             java.specification.version => 1.8
[2019-11-11 22:16:14.435]:             java.vendor => Oracle Corporation
[2019-11-11 22:16:14.436]:             java.vendor.url => http://java.oracle.com/
[2019-11-11 22:16:14.436]:             java.vendor.url.bug => http://bugreport.sun.com/bugreport/
[2019-11-11 22:16:14.436]:             java.version => 1.8.0_231
[2019-11-11 22:16:14.437]:             java.vm.info => mixed mode
[2019-11-11 22:16:14.437]:             java.vm.name => Java HotSpot(TM) 64-Bit Server VM
[2019-11-11 22:16:14.437]:             java.vm.specification.name => Java Virtual Machine Specification
[2019-11-11 22:16:14.437]:             java.vm.specification.vendor => Oracle Corporation
[2019-11-11 22:16:14.438]:             java.vm.specification.version => 1.8
[2019-11-11 22:16:14.438]:             java.vm.vendor => Oracle Corporation
[2019-11-11 22:16:14.438]:             java.vm.version => 25.231-b11
[2019-11-11 22:16:14.439]:             line.separator => 
[2019-11-11 22:16:14.439]:             netbeans.default_cachedir_root => C:\Users\acer\AppData\Local\NetBeans\Cache
[2019-11-11 22:16:14.439]:             netbeans.default_userdir_root => C:\Users\acer\AppData\Roaming\NetBeans
[2019-11-11 22:16:14.439]:             os.arch => amd64
[2019-11-11 22:16:14.440]:             os.name => Windows 10
[2019-11-11 22:16:14.440]:             os.version => 10.0
[2019-11-11 22:16:14.440]:             path.separator => ;
[2019-11-11 22:16:14.440]:             sun.arch.data.model => 64
[2019-11-11 22:16:14.441]:             sun.boot.class.path => C:\Program Files\Java\jre1.8.0_231\lib\resources.jar;C:\Program Files\Java\jre1.8.0_231\lib\rt.jar;C:\Program Files\Java\jre1.8.0_231\lib\sunrsasign.jar;C:\Program Files\Java\jre1.8.0_231\lib\jsse.jar;C:\Program Files\Java\jre1.8.0_231\lib\jce.jar;C:\Program Files\Java\jre1.8.0_231\lib\charsets.jar;C:\Program Files\Java\jre1.8.0_231\lib\jfr.jar;C:\Program Files\Java\jre1.8.0_231\classes
[2019-11-11 22:16:14.441]:             sun.boot.library.path => C:\Program Files\Java\jre1.8.0_231\bin
[2019-11-11 22:16:14.441]:             sun.cpu.endian => little
[2019-11-11 22:16:14.442]:             sun.cpu.isalist => amd64
[2019-11-11 22:16:14.442]:             sun.desktop => windows
[2019-11-11 22:16:14.442]:             sun.io.unicode.encoding => UnicodeLittle
[2019-11-11 22:16:14.442]:             sun.java.command => org.netbeans.installer.Installer
[2019-11-11 22:16:14.444]:             sun.java.launcher => SUN_STANDARD
[2019-11-11 22:16:14.444]:             sun.jnu.encoding => Cp1252
[2019-11-11 22:16:14.444]:             sun.management.compiler => HotSpot 64-Bit Tiered Compilers
[2019-11-11 22:16:14.444]:             sun.os.patch.level => 
[2019-11-11 22:16:14.445]:             user.country => US
[2019-11-11 22:16:14.445]:             user.dir => C:\Users\acer\Downloads
[2019-11-11 22:16:14.445]:             user.home => C:\Users\acer
[2019-11-11 22:16:14.445]:             user.language => en
[2019-11-11 22:16:14.445]:             user.name => acer
[2019-11-11 22:16:14.446]:             user.script => 
[2019-11-11 22:16:14.446]:             user.timezone => Asia/Katmandu
[2019-11-11 22:16:14.446]:             user.variant => 
[2019-11-11 22:16:14.446]:     ... end of target system information
[2019-11-11 22:16:14.447]:     exiting -- org.netbeans.installer.Installer.<init>():117
[2019-11-11 22:16:14.552]:     loading jni library
[2019-11-11 22:16:14.552]:         library resource path: native/jnilib/windows/windows-x64.dll
[2019-11-11 22:16:16.389]:         library file path: C:\Users\acer\AppData\Local\Temp\nbi-3168885564975839623.tmp
[2019-11-11 22:16:16.619]:         ... successfully loaded the library
[2019-11-11 22:16:16.636]:     entering -- org.netbeans.installer.Installer.<init>():122
[2019-11-11 22:16:16.636]:     parsing command-line arguments
[2019-11-11 22:16:16.722]:         ... no command line arguments were specified
[2019-11-11 22:16:16.722]:     ... finished parsing command line arguments
[2019-11-11 22:16:16.722]:     exiting -- org.netbeans.installer.Installer.<init>():122
[2019-11-11 22:16:16.723]:     entering -- org.netbeans.installer.Installer.<init>():123
[2019-11-11 22:16:16.723]:     loading engine properties
[2019-11-11 22:16:16.723]:         loading engine properties
[2019-11-11 22:16:16.730]:             loading nbi.wizard.ui.swing.frame.width.default => 600
[2019-11-11 22:16:16.730]:             loading nbi.wizard.ui.swing.frame.width.gtk => 704
[2019-11-11 22:16:16.731]:             loading nbi.wizard.ui.swing.frame.head.right.image => resource:org/netbeans/installer/wizard/wizard-description-background.png
[2019-11-11 22:16:16.731]:             loading nbi.wizard.ui.swing.frame.minimum.width.nimbus => 624
[2019-11-11 22:16:16.731]:             loading nbi.wizard.ui.swing.frame.minimum.height.win.xp => 450
[2019-11-11 22:16:16.731]:             loading nbi.wizard.ui.swing.frame.minimum.height.nimbus => 512
[2019-11-11 22:16:16.731]:             loading nbi.wizard.ui.swing.frame.title.prefix => NetBeans IDE Installer
[2019-11-11 22:16:16.731]:             loading nbi.wizard.ui.swing.frame.width.nimbus => 624
[2019-11-11 22:16:16.731]:             loading nbi.wizard.ui.swing.frame.width.win.xp => 600
[2019-11-11 22:16:16.731]:             loading nbi.overall.license.jdk5.resource => org/netbeans/installer/product/components/netbeans-license-jdk5.txt
[2019-11-11 22:16:16.731]:             loading nbi.wizard.ui.swing.frame.minimum.height.win.classic => 442
[2019-11-11 22:16:16.733]:             loading nbi.overall.license.jtb.resource => org/netbeans/installer/product/components/netbeans-license-jtb.txt
[2019-11-11 22:16:16.733]:             loading nbi.wizard.ui.swing.frame.minimum.width.default => 600
[2019-11-11 22:16:16.733]:             loading nbi.wizard.ui.swing.frame.height.motif => 470
[2019-11-11 22:16:16.733]:             loading nbi.wizard.ui.swing.frame.height.aqua => 480
[2019-11-11 22:16:16.733]:             loading nbi.wizard.ui.swing.frame.minimum.width.win.xp => 600
[2019-11-11 22:16:16.733]:             loading nbi.wizard.ui.swing.frame.minimum.height.aqua => 480
[2019-11-11 22:16:16.734]:             loading nbi.overall.license.jdk6.resource => org/netbeans/installer/product/components/netbeans-license-jdk6.txt
[2019-11-11 22:16:16.734]:             loading nbi.wizard.ui.swing.frame.minimum.height.default => 500
[2019-11-11 22:16:16.734]:             loading nbi.product.suggest.install => true
[2019-11-11 22:16:16.734]:             loading nbi.overall.license.mysql.resource => org/netbeans/installer/product/components/netbeans-license-mysql.txt
[2019-11-11 22:16:16.734]:             loading nbi.wizard.ui.swing.frame.icon => resource:org/netbeans/installer/wizard/wizard-icon.png
[2019-11-11 22:16:16.734]:             loading nbi.wizard.ui.swing.frame.minimum.height.gtk => 528
[2019-11-11 22:16:16.735]:             loading nbi.wizard.ui.swing.frame.width.aqua => 640
[2019-11-11 22:16:16.735]:             loading nbi.wizard.ui.swing.frame.minimum.height.motif => 470
[2019-11-11 22:16:16.735]:             loading nbi.wizard.ui.swing.frame.width.motif => 624
[2019-11-11 22:16:16.735]:             loading nbi.product.remove.corrupted.products.silently => true
[2019-11-11 22:16:16.735]:             loading nbi.wizard.ui.swing.frame.minimum.width.win.classic => 588
[2019-11-11 22:16:16.735]:             loading nbi.wizard.ui.swing.welcome.left.bottom.image => resource:org/netbeans/installer/wizard/components/panels/netbeans/resources/welcome-left-bottom.png
[2019-11-11 22:16:16.735]:             loading nbi.overall.license.resource => org/netbeans/installer/product/components/netbeans-license.txt
[2019-11-11 22:16:16.735]:             loading nbi.macosx.application.directory.name => NetBeans IDE Installer
[2019-11-11 22:16:16.735]:             loading nbi.wizard.ui.swing.frame.height.gtk => 528
[2019-11-11 22:16:16.736]:             loading nbi.wizard.ui.swing.frame.minimum.width.metal => 624
[2019-11-11 22:16:16.736]:             loading nbi.wizard.ui.swing.frame.minimum.width.motif => 624
[2019-11-11 22:16:16.736]:             loading nbi.wizard.ui.swing.frame.height.metal => 470
[2019-11-11 22:16:16.736]:             loading nbi.wizard.ui.swing.frame.minimum.width.gtk => 704
[2019-11-11 22:16:16.736]:             loading nbi.junit.license.resource => org/netbeans/installer/product/components/junit-license.txt
[2019-11-11 22:16:16.736]:             loading nbi.wizard.ui.swing.frame.width.metal => 624
[2019-11-11 22:16:16.737]:             loading nbi.wizard.ui.swing.frame.height.win.classic => 442
[2019-11-11 22:16:16.737]:             loading nbi.wizard.ui.swing.frame.height.win.xp => 450
[2019-11-11 22:16:16.737]:             loading nbi.wizard.ui.swing.frame.height.default => 500
[2019-11-11 22:16:16.737]:             loading nbi.wizard.ui.swing.frame.height.nimbus => 512
[2019-11-11 22:16:16.737]:             loading nbi.overall.license.javafx.resource => org/netbeans/installer/product/components/netbeans-license-javafx.txt
[2019-11-11 22:16:16.737]:             loading nbi.wizard.ui.swing.frame.title.pattern => {0}
[2019-11-11 22:16:16.738]:             loading nbi.wizard.ui.swing.frame.width.win.classic => 588
[2019-11-11 22:16:16.738]:             loading nbi.wizard.ui.swing.frame.minimum.width.aqua => 640
[2019-11-11 22:16:16.738]:             loading nbi.wizard.ui.swing.frame.minimum.height.metal => 470
[2019-11-11 22:16:16.740]:     ... finished loading engine properties
[2019-11-11 22:16:16.741]:     exiting -- org.netbeans.installer.Installer.<init>():123
[2019-11-11 22:16:16.741]:     initializing the local directory
[2019-11-11 22:16:16.742]:         ... custom local directory was not specified, using the default
[2019-11-11 22:16:16.742]:         ... local directory: C:\Users\acer\.nbi
[2019-11-11 22:16:16.744]:     ... finished initializing local directory
[2019-11-11 22:16:16.805]:     entering -- org.netbeans.installer.Installer.<init>():129
[2019-11-11 22:16:16.805]:     ... initializing DownloadManager
[2019-11-11 22:16:16.834]:         file not exist, queue is empty!
[2019-11-11 22:16:16.908]:     ... end of initializing DownloadManager
[2019-11-11 22:16:16.908]:     exiting -- org.netbeans.installer.Installer.<init>():129
[2019-11-11 22:16:16.909]:     entering -- org.netbeans.installer.Installer.<init>():130
[2019-11-11 22:16:16.909]:     ... initializing Registry
[2019-11-11 22:16:16.946]:     ... end of initializing ErrorHandler
[2019-11-11 22:16:16.947]:     exiting -- org.netbeans.installer.Installer.<init>():130
[2019-11-11 22:16:16.947]:     entering -- org.netbeans.installer.Installer.<init>():131
[2019-11-11 22:16:16.947]:     ... initializing Wizard
[2019-11-11 22:16:18.288]:         ... loading registry from resource:data/registry.xml
[2019-11-11 22:16:18.863]:         entering -- org.netbeans.installer.product.Registry.loadProductRegistry():1001
[2019-11-11 22:16:18.863]:         validating previous installations
[2019-11-11 22:16:18.863]:         ... validating installations finished
[2019-11-11 22:16:18.864]:         exiting -- org.netbeans.installer.product.Registry.loadProductRegistry():1001
[2019-11-11 22:16:18.875]:         Can`t load message in bundle org.netbeans.installer.wizard.components.panels.netbeans.Bundle for key NPrISP.installation.folders using [sun.misc.Launcher$AppClassLoader@5c647e05] classloader
[2019-11-11 22:16:18.889]:     ... end of initializing Wizard
[2019-11-11 22:16:18.889]:     exiting -- org.netbeans.installer.Installer.<init>():131
[2019-11-11 22:16:18.889]:     creating lock file
[2019-11-11 22:16:18.892]:         ... created lock file: C:\Users\acer\.nbi\.nbilock
[2019-11-11 22:16:18.892]:     finished creating lock file
[2019-11-11 22:16:18.892]: ... finished initializing the engine
[2019-11-11 22:16:18.892]: exiting -- org.netbeans.installer.Installer.main():81
[2019-11-11 22:16:18.893]: entering -- org.netbeans.installer.Installer.main():81
[2019-11-11 22:16:18.893]: starting the installer
[2019-11-11 22:16:18.920]:     ... initializing look and feel
[2019-11-11 22:16:18.920]:         ... custom look and feel class name was not specified, using system default
[2019-11-11 22:16:19.907]:         ... class name: com.sun.java.swing.plaf.windows.WindowsLookAndFeel
[2019-11-11 22:16:19.909]:         ... get installed L&Fs
[2019-11-11 22:16:20.001]:         ... set specified L&F
[2019-11-11 22:16:20.373]:         ... check headless
[2019-11-11 22:16:20.373]:         ... creating JFileChooser object to check possible issues with UI
[2019-11-11 22:16:23.392]:         ... getting default Toolkit to check possible issues with UI
[2019-11-11 22:16:23.392]:         ... creating JProgressBar object to check possible issues with UI
[2019-11-11 22:16:23.410]:         ... all UI checks done
[2019-11-11 22:16:23.411]:         ... L&F is set
[2019-11-11 22:16:23.411]:     ... initializing L&F finished
[2019-11-11 22:16:23.944]:     NameResolver - to parse &Help!
[2019-11-11 22:16:23.977]:     NameResolver - to parse < &Back
[2019-11-11 22:16:23.980]:     NameResolver - to parse &Next >
[2019-11-11 22:16:23.981]:     NameResolver - to parse Cancel
[2019-11-11 22:16:23.982]:     NameResolver - to parse Configuring the Installer...
[2019-11-11 22:16:23.983]:     NameResolver - to parse Configuring the Installer...
[2019-11-11 22:16:24.027]:     NameResolver - to parse Configuring the Installer...
[2019-11-11 22:16:24.028]:     NameResolver - to parse Configuring the Installer...
[2019-11-11 22:16:24.029]:     NameResolver - to parse Please wait while NetBeans IDE installer initializes
[2019-11-11 22:16:24.118]:     NameResolver - to parse Configuring the Installer...
[2019-11-11 22:16:24.119]:     NameResolver - to parse Please wait while NetBeans IDE installer initializes
[2019-11-11 22:16:24.122]: ... finished starting the installer
[2019-11-11 22:16:24.122]: exiting -- org.netbeans.installer.Installer.main():81
[2019-11-11 22:16:24.123]: NameResolver - to parse Configuring the Installer...
[2019-11-11 22:16:24.128]: entering -- org.netbeans.installer.wizard.components.actions.InitializeRegistryAction.execute():73
[2019-11-11 22:16:24.129]: initializing product registry
[2019-11-11 22:16:24.129]:     entering -- org.netbeans.installer.product.Registry.initializeRegistry():190
[2019-11-11 22:16:24.129]:     initializing product registry properties
[2019-11-11 22:16:24.129]:         initializing local product cache directory
[2019-11-11 22:16:24.130]:         ... C:\Users\acer\.nbi\product-cache
[2019-11-11 22:16:24.131]:         initializing local product registry file
[2019-11-11 22:16:24.156]:         copying file: C:\Users\acer\.nbi\tmp\default-registry.xml to: C:\Users\acer\.nbi\registry.xml
[2019-11-11 22:16:24.351]:             ... C:\Users\acer\.nbi\registry.xml
[2019-11-11 22:16:24.351]:             initializing local product registry stub uri
[2019-11-11 22:16:24.352]:             ... resource:org/netbeans/installer/product/default-registry.xml
[2019-11-11 22:16:24.352]:             initializing bundled product registry uri
[2019-11-11 22:16:24.352]:             ... resource:data/registry.xml
[2019-11-11 22:16:24.352]:             initializing product registry schema uri
[2019-11-11 22:16:24.352]:             ... resource:org/netbeans/installer/product/registry.xsd
[2019-11-11 22:16:24.352]:             initializing remote product registries uris
[2019-11-11 22:16:24.353]:             initializing state file schema uri
[2019-11-11 22:16:24.353]:             ... resource:org/netbeans/installer/product/state-file.xsd
[2019-11-11 22:16:24.353]:             initializing default state file uri
[2019-11-11 22:16:24.353]:             ... resource:org/netbeans/installer/product/default-state-file.xml
[2019-11-11 22:16:24.353]:             initializing target platform
[2019-11-11 22:16:24.353]:             ... windows-x64
[2019-11-11 22:16:24.353]:     initializing product registry properties
[2019-11-11 22:16:24.353]:     exiting -- org.netbeans.installer.product.Registry.initializeRegistry():190
[2019-11-11 22:16:24.358]:     ... loading registry from file:/C:/Users/acer/.nbi/registry.xml
[2019-11-11 22:16:24.404]:     entering -- org.netbeans.installer.product.Registry.loadProductRegistry():1001
[2019-11-11 22:16:24.405]:     validating previous installations
[2019-11-11 22:16:24.405]:     ... validating installations finished
[2019-11-11 22:16:24.405]:     exiting -- org.netbeans.installer.product.Registry.loadProductRegistry():1001
[2019-11-11 22:16:24.406]:     ... loading registry from resource:data/registry.xml
[2019-11-11 22:16:24.729]:     entering -- org.netbeans.installer.product.Registry.loadProductRegistry():1001
[2019-11-11 22:16:24.729]:     validating previous installations
[2019-11-11 22:16:24.729]:     ... validating installations finished
[2019-11-11 22:16:24.729]:     exiting -- org.netbeans.installer.product.Registry.loadProductRegistry():1001
[2019-11-11 22:16:24.733]: ... product registry initialization complete
[2019-11-11 22:16:24.733]: exiting -- org.netbeans.installer.wizard.components.actions.InitializeRegistryAction.execute():73
[2019-11-11 22:16:24.742]: NameResolver - to parse Extracting configuration logic for {0}
[2019-11-11 22:16:24.988]: NameResolver - to parse Extracting configuration logic for {0}
[2019-11-11 22:16:25.389]: NameResolver - to parse Extracting configuration logic for {0}
[2019-11-11 22:16:25.935]: NameResolver - to parse Extracting configuration logic for {0}
[2019-11-11 22:16:26.318]: NameResolver - to parse Extracting configuration logic for {0}
[2019-11-11 22:16:26.610]: NameResolver - to parse Extracting configuration logic for {0}
[2019-11-11 22:16:27.222]: NameResolver - to parse Extracting configuration logic for {0}
[2019-11-11 22:16:27.571]: NameResolver - to parse Extracting configuration logic for {0}
[2019-11-11 22:16:27.886]: NameResolver - to parse Extracting configuration logic for {0}
[2019-11-11 22:16:28.282]: NameResolver - to parse Extracting configuration logic for {0}
[2019-11-11 22:16:28.587]: NameResolver - to parse Extracting configuration logic for {0}
[2019-11-11 22:16:28.910]: NameResolver - to parse Extracting configuration logic for {0}
[2019-11-11 22:16:30.792]: NameResolver - to parse Extracting configuration logic for {0}
[2019-11-11 22:16:32.314]: entering -- org.netbeans.installer.wizard.components.actions.netbeans.NbInitializationAction.execute():136
[2019-11-11 22:16:32.314]: search for all java locations
[2019-11-11 22:16:32.518]:     checking for possible java locations in windows registry
[2019-11-11 22:16:32.518]:         ... alternative registry view is also supported
[2019-11-11 22:16:32.520]:         found: HKEY_LOCAL_MACHINE\SOFTWARE\JavaSoft\Java Runtime Environment\1.8\JavaHome = C:\Program Files\Java\jre1.8.0_231
[2019-11-11 22:16:32.521]:         found: HKEY_LOCAL_MACHINE\SOFTWARE\JavaSoft\Java Runtime Environment\1.8.0_231\JavaHome = C:\Program Files\Java\jre1.8.0_231
[2019-11-11 22:16:32.524]:     ... finished
[2019-11-11 22:16:32.524]:     checking for possible java locations in environment
[2019-11-11 22:16:32.524]:     ... finished
[2019-11-11 22:16:32.530]:     NameResolver - to parse $S{java.home}
[2019-11-11 22:16:32.613]:     NameResolver - to parse $S{java.home}/..
[2019-11-11 22:16:32.615]:     NameResolver - to parse $N{install}
[2019-11-11 22:16:32.617]:           --- parsed to C:\Program Files
[2019-11-11 22:16:32.743]:     NameResolver - to parse $N{install}/Java
[2019-11-11 22:16:32.747]:           --- parsed to C:\Program Files/Java
[2019-11-11 22:16:32.749]:     investigating java home candidate: C:\Program Files\Java\jre1.8.0_231
[2019-11-11 22:16:32.759]:         executing command: C:\Program Files\Java\jre1.8.0_231\bin\java.exe -classpath C:\Users\acer\.nbi\tmp TestJDK, in directory: .
[2019-11-11 22:16:33.321]:             [stdout]: 1.8.0_231
[2019-11-11 22:16:33.321]:             [stdout]: 25.231-b11
[2019-11-11 22:16:33.321]:             [stdout]: Oracle Corporation
[2019-11-11 22:16:33.321]:             [stdout]: Windows 10
[2019-11-11 22:16:33.322]:             [stdout]: amd64
[2019-11-11 22:16:33.322]:             [return]: 0
[2019-11-11 22:16:33.322]:         ... command execution finished
[2019-11-11 22:16:33.326]:         ... java.version    = 1.8.0_231
[2019-11-11 22:16:33.326]:         ... java.vm.version = 25.231-b11
[2019-11-11 22:16:33.326]:         ... java.vendor     = Oracle Corporation
[2019-11-11 22:16:33.326]:         ... os.name         = Windows 10
[2019-11-11 22:16:33.326]:         ... os.arch         = amd64
[2019-11-11 22:16:33.326]:         ... version string : 1.8.0_231
[2019-11-11 22:16:33.326]:         ... put jdk info to the Java map
[2019-11-11 22:16:33.327]:     ... parsed java: 1.8.0.231.0 by Oracle Corporation; final=true
[2019-11-11 22:16:33.335]:     investigating java home candidate: C:\Program Files\Java\jre1.8.0_231
[2019-11-11 22:16:33.335]:     ... parsed java: 1.8.0.231.0 by Oracle Corporation; final=true
[2019-11-11 22:16:33.343]:     investigating java home candidate: C:\Program Files\Java\jre1.8.0_231\bin
[2019-11-11 22:16:33.351]:     investigating java home candidate: C:\Program Files\Java\jre1.8.0_231\lib
[2019-11-11 22:16:33.358]:     investigating java home candidate: C:\Program Files\Java
[2019-11-11 22:16:33.365]:     investigating java home candidate: C:\Program Files\Java\jre1.8.0_231
[2019-11-11 22:16:33.365]:     ... parsed java: 1.8.0.231.0 by Oracle Corporation; final=true
[2019-11-11 22:16:33.372]:     investigating java home candidate: C:\Program Files
[2019-11-11 22:16:33.379]:     investigating java home candidate: C:\Program Files\Adobe
[2019-11-11 22:16:33.386]:     investigating java home candidate: C:\Program Files\Common Files
[2019-11-11 22:16:33.394]:     investigating java home candidate: C:\Program Files\CUAssistant
[2019-11-11 22:16:33.400]:     investigating java home candidate: C:\Program Files\DriverSetupUtility
[2019-11-11 22:16:33.408]:     investigating java home candidate: C:\Program Files\Google
[2019-11-11 22:16:33.416]:     investigating java home candidate: C:\Program Files\Intel
[2019-11-11 22:16:33.423]:     investigating java home candidate: C:\Program Files\Internet Explorer
[2019-11-11 22:16:33.455]:     investigating java home candidate: C:\Program Files\Java
[2019-11-11 22:16:33.462]:     investigating java home candidate: C:\Program Files\Microsoft Office
[2019-11-11 22:16:33.468]:     investigating java home candidate: C:\Program Files\ModifiableWindowsApps
[2019-11-11 22:16:33.475]:     investigating java home candidate: C:\Program Files\MSBuild
[2019-11-11 22:16:33.481]:     investigating java home candidate: C:\Program Files\NVIDIA Corporation
[2019-11-11 22:16:33.487]:     investigating java home candidate: C:\Program Files\QGIS 3.4
[2019-11-11 22:16:33.513]:     investigating java home candidate: C:\Program Files\Realtek
[2019-11-11 22:16:33.521]:     investigating java home candidate: C:\Program Files\Reference Assemblies
[2019-11-11 22:16:33.529]:     investigating java home candidate: C:\Program Files\rempl
[2019-11-11 22:16:33.547]:     investigating java home candidate: C:\Program Files\Uninstall Information
[2019-11-11 22:16:33.556]:     investigating java home candidate: C:\Program Files\UNP
[2019-11-11 22:16:33.565]:     investigating java home candidate: C:\Program Files\Windows Defender
[2019-11-11 22:16:33.574]:     investigating java home candidate: C:\Program Files\Windows Defender Advanced Threat Protection
[2019-11-11 22:16:33.643]:     investigating java home candidate: C:\Program Files\Windows Mail
[2019-11-11 22:16:33.652]:     investigating java home candidate: C:\Program Files\Windows Media Player
[2019-11-11 22:16:33.660]:     investigating java home candidate: C:\Program Files\Windows Multimedia Platform
[2019-11-11 22:16:33.668]:     investigating java home candidate: C:\Program Files\Windows NT
[2019-11-11 22:16:33.676]:     investigating java home candidate: C:\Program Files\Windows Photo Viewer
[2019-11-11 22:16:33.745]:     investigating java home candidate: C:\Program Files\Windows Portable Devices
[2019-11-11 22:16:33.753]:     investigating java home candidate: C:\Program Files\Windows Security
[2019-11-11 22:16:33.766]:     investigating java home candidate: C:\Program Files\Windows Sidebar
[2019-11-11 22:16:33.775]:     investigating java home candidate: C:\Program Files\WindowsApps
[2019-11-11 22:16:35.570]:     investigating java home candidate: C:\Program Files\WindowsPowerShell
[2019-11-11 22:16:35.580]:     investigating java home candidate: C:\Program Files\Java
[2019-11-11 22:16:35.589]:     investigating java home candidate: C:\Program Files\Java\jre1.8.0_231
[2019-11-11 22:16:35.590]:     ... parsed java: 1.8.0.231.0 by Oracle Corporation; final=true
[2019-11-11 22:16:35.797]: ... end of search for all java locations
[2019-11-11 22:16:35.797]: exiting -- org.netbeans.installer.wizard.components.actions.netbeans.NbInitializationAction.execute():136
[2019-11-11 22:16:35.798]: ... bundledProductSkip = null
[2019-11-11 22:16:35.798]: ... bundledProductToInstall = null
[2019-11-11 22:16:35.935]: NameResolver - to parse resource:org/netbeans/installer/wizard/components/panels/netbeans/resources/welcome-left-bottom.png
[2019-11-11 22:16:36.016]: NameResolver - to parse &Help!
[2019-11-11 22:16:36.019]: NameResolver - to parse < &Back
[2019-11-11 22:16:36.020]: NameResolver - to parse &Next >
[2019-11-11 22:16:36.021]: NameResolver - to parse Cancel
[2019-11-11 22:16:36.023]: NameResolver - to parse <html><h2 style="color: #FF8E00; bold">Welcome to the NetBeans IDE 8.1 Installer</h2>
[2019-11-11 22:16:36.024]: NameResolver - to parse </html>
[2019-11-11 22:16:36.025]: NameResolver - to parse text/html
[2019-11-11 22:16:37.108]: NameResolver - to parse <html>
[2019-11-11 22:16:37.109]: NameResolver - to parse The installer will install the NetBeans IDE with the following packs and runtimes.<br>Click Customize to select the packs and runtimes to install.<br><br>
[2019-11-11 22:16:37.111]: NameResolver - to parse text/html
[2019-11-11 22:16:37.124]: NameResolver - to parse <html>
[2019-11-11 22:16:37.125]: NameResolver - to parse {0}<br>
[2019-11-11 22:16:37.125]: NameResolver - to parse {0}<br>
[2019-11-11 22:16:37.126]: NameResolver - to parse {0}<br>
[2019-11-11 22:16:37.126]: NameResolver - to parse {0}<br>
[2019-11-11 22:16:37.127]: NameResolver - to parse {0}<br>
[2019-11-11 22:16:37.128]: NameResolver - to parse {0}<br>
[2019-11-11 22:16:37.128]: NameResolver - to parse {0}<br>
[2019-11-11 22:16:37.129]: NameResolver - to parse {0}<br>
[2019-11-11 22:16:37.129]: NameResolver - to parse {0}<br>
[2019-11-11 22:16:37.131]: NameResolver - to parse {0}<br>
[2019-11-11 22:16:37.132]: NameResolver - to parse <br><b>{0}</b><br>
[2019-11-11 22:16:37.133]: NameResolver - to parse {0}<br>
[2019-11-11 22:16:37.133]: NameResolver - to parse </html>
[2019-11-11 22:16:37.133]: NameResolver - to parse text/html
[2019-11-11 22:16:37.143]: NameResolver - to parse &Customize...
[2019-11-11 22:16:37.429]: NameResolver - to parse Installation Size: {0}
[2019-11-11 22:16:37.839]: NameResolver - to parse Insufficient disk space for extracting the installation data. Additional {1} is required in {0}.
[2019-11-11 22:16:37.844]: NameResolver - to parse $N{install}/NetBeans 8.1
[2019-11-11 22:16:37.845]:       --- parsed to C:\Program Files/NetBeans 8.1
[2019-11-11 22:16:37.852]: NameResolver - to parse 1.7.0.0.0
[2019-11-11 22:16:37.852]: NameResolver - to parse 500.0.0
[2019-11-11 22:16:37.852]: NameResolver - to parse .*
[2019-11-11 22:16:37.859]: NameResolver - to parse false
[2019-11-11 22:16:37.862]: NameResolver - to parse false
[2019-11-11 22:16:37.863]: ... loading registry from resource:data/registry.xml
[2019-11-11 22:16:37.976]: entering -- org.netbeans.installer.product.Registry.loadProductRegistry():1001
[2019-11-11 22:16:37.976]: validating previous installations
[2019-11-11 22:16:37.976]: ... validating installations finished
[2019-11-11 22:16:37.976]: exiting -- org.netbeans.installer.product.Registry.loadProductRegistry():1001
[2019-11-11 22:16:37.976]: ... no Java found
[2019-11-11 22:16:37.976]: ... loading registry from resource:data/registry.xml
[2019-11-11 22:16:38.004]: entering -- org.netbeans.installer.product.Registry.loadProductRegistry():1001
[2019-11-11 22:16:38.004]: validating previous installations
[2019-11-11 22:16:38.004]: ... validating installations finished
[2019-11-11 22:16:38.004]: exiting -- org.netbeans.installer.product.Registry.loadProductRegistry():1001
[2019-11-11 22:16:38.004]: ... no Java found
[2019-11-11 22:16:38.004]: NameResolver - to parse false
[2019-11-11 22:16:38.004]: NameResolver - to parse No compatible JDK was found.
[2019-11-11 22:16:38.004]: No compatible JDK was found.
[2019-11-11 22:16:38.057]: NameResolver - to parse Insufficient disk space for extracting the installation data. Additional {1} is required in {0}.
[2019-11-11 22:16:38.120]: NameResolver - to parse <dummy description>
[2019-11-11 22:16:40.064]: NameResolver - to parse Insufficient disk space for extracting the installation data. Additional {1} is required in {0}.
[2019-11-11 22:16:42.067]: NameResolver - to parse Insufficient disk space for extracting the installation data. Additional {1} is required in {0}.
[2019-11-11 22:16:44.070]: NameResolver - to parse Insufficient disk space for extracting the installation data. Additional {1} is required in {0}.
[2019-11-11 22:16:46.012]: NameResolver - to parse Customize Installation
[2019-11-11 22:16:46.015]: NameResolver - to parse &Select packs and runtimes to install from the list below.
[2019-11-11 22:16:46.017]: NameResolver - to parse text/plain
[2019-11-11 22:16:46.018]: NameResolver - to parse Select a component to see its description.
[2019-11-11 22:16:46.020]: NameResolver - to parse Installation size: {0}
[2019-11-11 22:16:46.020]: NameResolver - to parse &OK
[2019-11-11 22:16:46.024]: NameResolver - to parse Cancel
[2019-11-11 22:16:46.073]: NameResolver - to parse Insufficient disk space for extracting the installation data. Additional {1} is required in {0}.
[2019-11-11 22:16:48.079]: NameResolver - to parse Insufficient disk space for extracting the installation data. Additional {1} is required in {0}.
[2019-11-11 22:16:50.086]: NameResolver - to parse Insufficient disk space for extracting the installation data. Additional {1} is required in {0}.
[2019-11-11 22:16:52.090]: NameResolver - to parse Insufficient disk space for extracting the installation data. Additional {1} is required in {0}.
[2019-11-11 22:16:54.095]: NameResolver - to parse Insufficient disk space for extracting the installation data. Additional {1} is required in {0}.
[2019-11-11 22:16:56.099]: NameResolver - to parse Insufficient disk space for extracting the installation data. Additional {1} is required in {0}.
[2019-11-11 22:16:56.822]: NameResolver - to parse <html><h2 style="color: #FF8E00; bold">Welcome to the NetBeans IDE 8.1 Installer</h2>
[2019-11-11 22:16:56.822]: NameResolver - to parse </html>
[2019-11-11 22:16:56.824]: NameResolver - to parse text/html
[2019-11-11 22:16:56.836]: NameResolver - to parse <html>
[2019-11-11 22:16:56.837]: NameResolver - to parse The installer will install the NetBeans IDE with the following packs and runtimes.<br>Click Customize to select the packs and runtimes to install.<br><br>
[2019-11-11 22:16:56.839]: NameResolver - to parse text/html
[2019-11-11 22:16:56.846]: NameResolver - to parse <html>
[2019-11-11 22:16:56.847]: NameResolver - to parse {0}<br>
[2019-11-11 22:16:56.847]: NameResolver - to parse {0}<br>
[2019-11-11 22:16:56.848]: NameResolver - to parse {0}<br>
[2019-11-11 22:16:56.848]: NameResolver - to parse {0}<br>
[2019-11-11 22:16:56.849]: NameResolver - to parse {0}<br>
[2019-11-11 22:16:56.849]: NameResolver - to parse {0}<br>
[2019-11-11 22:16:56.849]: NameResolver - to parse {0}<br>
[2019-11-11 22:16:56.852]: NameResolver - to parse {0}<br>
[2019-11-11 22:16:56.853]: NameResolver - to parse {0}<br>
[2019-11-11 22:16:56.853]: NameResolver - to parse {0}<br>
[2019-11-11 22:16:56.854]: NameResolver - to parse <br><b>{0}</b><br>
[2019-11-11 22:16:56.855]: NameResolver - to parse {0}<br>
[2019-11-11 22:16:56.856]: NameResolver - to parse </html>
[2019-11-11 22:16:56.856]: NameResolver - to parse text/html
[2019-11-11 22:16:56.871]: NameResolver - to parse &Customize...
[2019-11-11 22:16:56.884]: NameResolver - to parse Installation Size: {0}
[2019-11-11 22:16:56.888]: NameResolver - to parse Insufficient disk space for extracting the installation data. Additional {1} is required in {0}.
[2019-11-11 22:16:58.103]: NameResolver - to parse Insufficient disk space for extracting the installation data. Additional {1} is required in {0}.
[2019-11-11 22:16:58.381]: NameResolver - to parse Insufficient disk space for extracting the installation data. Additional {1} is required in {0}.
[2019-11-11 22:16:58.395]: NameResolver - to parse &Help!
[2019-11-11 22:16:58.395]: NameResolver - to parse < &Back
[2019-11-11 22:16:58.396]: NameResolver - to parse &Next >
[2019-11-11 22:16:58.396]: NameResolver - to parse Cancel
[2019-11-11 22:16:58.396]: NameResolver - to parse I &accept the terms in the license agreement
[2019-11-11 22:16:58.396]: NameResolver - to parse org/netbeans/installer/product/components/netbeans-license.txt
[2019-11-11 22:16:58.396]: NameResolver - to parse $R{org/netbeans/installer/product/components/netbeans-license.txt;UTF-8}
[2019-11-11 22:16:58.410]: NameResolver - to parse {0}
[2019-11-11 22:16:58.533]: NameResolver - to parse License Agreement
[2019-11-11 22:16:58.533]: NameResolver - to parse License Agreement
[2019-11-11 22:16:58.534]: NameResolver - to parse License Agreement
[2019-11-11 22:16:58.534]: NameResolver - to parse License Agreement
[2019-11-11 22:16:58.534]: NameResolver - to parse Please read the following license agreement carefully.
[2019-11-11 22:16:58.622]: NameResolver - to parse License Agreement
[2019-11-11 22:16:58.622]: NameResolver - to parse Please read the following license agreement carefully.
[2019-11-11 22:17:01.841]: NameResolver - to parse C:\Program Files\NetBeans 8.1
[2019-11-11 22:17:01.842]: NameResolver - to parse 1.7.0.0.0
[2019-11-11 22:17:01.842]: NameResolver - to parse 500.0.0
[2019-11-11 22:17:01.842]: NameResolver - to parse .*
[2019-11-11 22:17:01.843]: NameResolver - to parse false
[2019-11-11 22:17:01.844]: NameResolver - to parse false
[2019-11-11 22:17:01.844]: ... loading registry from resource:data/registry.xml
[2019-11-11 22:17:01.873]: entering -- org.netbeans.installer.product.Registry.loadProductRegistry():1001
[2019-11-11 22:17:01.873]: validating previous installations
[2019-11-11 22:17:01.873]: ... validating installations finished
[2019-11-11 22:17:01.873]: exiting -- org.netbeans.installer.product.Registry.loadProductRegistry():1001
[2019-11-11 22:17:01.873]: ... no Java found
[2019-11-11 22:17:02.646]: NameResolver - to parse &Help!
[2019-11-11 22:17:02.648]: NameResolver - to parse < &Back
[2019-11-11 22:17:02.648]: NameResolver - to parse &Next >
[2019-11-11 22:17:02.648]: NameResolver - to parse Cancel
[2019-11-11 22:17:02.648]: NameResolver - to parse &JDK™ for the NetBeans IDE:
[2019-11-11 22:17:02.648]: NameResolver - to parse 1.7.0.0.0
[2019-11-11 22:17:02.649]: NameResolver - to parse 500.0.0
[2019-11-11 22:17:02.651]: NameResolver - to parse <html>The installer could not find a compatible JDK installation, specify it manually.<br>The minimum required version is {0}. To download JDK, visit <a href="{2}">{2}</a>
[2019-11-11 22:17:02.651]: NameResolver - to parse http://www.oracle.com/technetwork/java/javase/downloads/
[2019-11-11 22:17:02.653]: Checking if java.awt.Desktop.getDesktop().browse() functionality is supported
[2019-11-11 22:17:02.714]: ... loading registry from resource:data/registry.xml
[2019-11-11 22:17:02.757]: entering -- org.netbeans.installer.product.Registry.loadProductRegistry():1001
[2019-11-11 22:17:02.757]: validating previous installations
[2019-11-11 22:17:02.758]: ... validating installations finished
[2019-11-11 22:17:02.758]: exiting -- org.netbeans.installer.product.Registry.loadProductRegistry():1001
[2019-11-11 22:17:02.758]: ... no Java found
[2019-11-11 22:17:02.758]: NameResolver - to parse Br&owse...
[2019-11-11 22:17:02.759]: NameResolver - to parse &Install the NetBeans IDE to:
[2019-11-11 22:17:02.759]: NameResolver - to parse B&rowse...
[2019-11-11 22:17:02.782]: NameResolver - to parse The path to the JDK cannot be empty.
[2019-11-11 22:17:02.787]: NameResolver - to parse The path to the JDK cannot be empty.
[2019-11-11 22:17:02.789]: NameResolver - to parse NetBeans IDE 8.1 Installation
[2019-11-11 22:17:02.789]: NameResolver - to parse NetBeans IDE 8.1 Installation
[2019-11-11 22:17:02.790]: NameResolver - to parse NetBeans IDE 8.1 Installation
[2019-11-11 22:17:02.790]: NameResolver - to parse NetBeans IDE 8.1 Installation
[2019-11-11 22:17:02.790]: NameResolver - to parse Choose the installation folder and JDK™.
[2019-11-11 22:17:02.801]: NameResolver - to parse The path to the JDK cannot be empty.
[2019-11-11 22:17:02.807]: NameResolver - to parse NetBeans IDE 8.1 Installation
[2019-11-11 22:17:02.807]: NameResolver - to parse Choose the installation folder and JDK™.
[2019-11-11 22:17:04.808]: NameResolver - to parse The path to the JDK cannot be empty.
[2019-11-11 22:17:06.818]: NameResolver - to parse The path to the JDK cannot be empty.
[2019-11-11 22:17:08.824]: NameResolver - to parse The path to the JDK cannot be empty.
[2019-11-11 22:17:10.831]: NameResolver - to parse The path to the JDK cannot be empty.
[2019-11-11 22:17:12.841]: NameResolver - to parse The path to the JDK cannot be empty.
[2019-11-11 22:17:14.854]: NameResolver - to parse The path to the JDK cannot be empty.
[2019-11-11 22:17:16.865]: NameResolver - to parse The path to the JDK cannot be empty.
[2019-11-11 22:17:18.871]: NameResolver - to parse The path to the JDK cannot be empty.
[2019-11-11 22:17:20.875]: NameResolver - to parse The path to the JDK cannot be empty.
[2019-11-11 22:17:22.880]: NameResolver - to parse The path to the JDK cannot be empty.
[2019-11-11 22:17:24.884]: NameResolver - to parse The path to the JDK cannot be empty.
[2019-11-11 22:17:26.896]: NameResolver - to parse The path to the JDK cannot be empty.
[2019-11-11 22:17:27.804]: NameResolver - to parse The specified JDK folder does not contain JDK.
[2019-11-11 22:17:27.808]: NameResolver - to parse The specified JDK folder does not contain JDK.
[2019-11-11 22:17:27.819]: NameResolver - to parse The specified JDK folder does not contain JDK.
[2019-11-11 22:17:28.906]: NameResolver - to parse The specified JDK folder does not contain JDK.
[2019-11-11 22:17:30.926]: NameResolver - to parse The specified JDK folder does not contain JDK.
[2019-11-11 22:17:32.933]: NameResolver - to parse The specified JDK folder does not contain JDK.
[2019-11-11 22:17:34.946]: NameResolver - to parse The specified JDK folder does not contain JDK.
[2019-11-11 22:17:36.959]: NameResolver - to parse The specified JDK folder does not contain JDK.
[2019-11-11 22:17:38.971]: NameResolver - to parse The specified JDK folder does not contain JDK.
[2019-11-11 22:17:39.016]: NameResolver - to parse The specified JDK folder does not exist.
[2019-11-11 22:17:39.486]: NameResolver - to parse The specified JDK folder does not exist.
[2019-11-11 22:17:39.518]: NameResolver - to parse The specified JDK folder does not exist.
[2019-11-11 22:17:39.546]: NameResolver - to parse The specified JDK folder does not exist.
[2019-11-11 22:17:39.577]: NameResolver - to parse The specified JDK folder does not exist.
[2019-11-11 22:17:39.579]: Trying to normalize invalid path
[2019-11-11 22:17:39.583]: java.nio.file.InvalidPathException: Trailing char < > at index 10: C:\Program 
[2019-11-11 22:17:39.583]: 	at sun.nio.fs.WindowsPathParser.normalize(Unknown Source)
[2019-11-11 22:17:39.583]: 	at sun.nio.fs.WindowsPathParser.parse(Unknown Source)
[2019-11-11 22:17:39.583]: 	at sun.nio.fs.WindowsPathParser.parse(Unknown Source)
[2019-11-11 22:17:39.584]: 	at sun.nio.fs.WindowsPath.parse(Unknown Source)
[2019-11-11 22:17:39.584]: 	at sun.nio.fs.WindowsFileSystem.getPath(Unknown Source)
[2019-11-11 22:17:39.584]: 	at org.netbeans.installer.utils.FileUtils.getNormalizedPathFile(FileUtils.java:1392)
[2019-11-11 22:17:39.584]: 	at org.netbeans.installer.utils.applications.JavaUtils.getInfo(JavaUtils.java:149)
[2019-11-11 22:17:39.584]: 	at org.netbeans.installer.utils.applications.JavaUtils.getVersion(JavaUtils.java:143)
[2019-11-11 22:17:39.585]: 	at org.netbeans.installer.wizard.components.panels.JdkLocationPanel.getVersion(JdkLocationPanel.java:561)
[2019-11-11 22:17:39.585]: 	at org.netbeans.installer.wizard.components.panels.JdkLocationPanel.isJdkVersionRecommended(JdkLocationPanel.java:540)
[2019-11-11 22:17:39.585]: 	at org.netbeans.installer.products.nb.base.wizard.panels.NbBasePanel$NbBaseDestinationPanelSwingUi$2.validate(NbBasePanel.java:413)
[2019-11-11 22:17:39.585]: 	at org.netbeans.installer.wizard.components.panels.ApplicationLocationPanel$LocationsComboBoxEditor$1.removeUpdate(ApplicationLocationPanel.java:438)
[2019-11-11 22:17:39.585]: 	at javax.swing.text.AbstractDocument.fireRemoveUpdate(Unknown Source)
[2019-11-11 22:17:39.585]: 	at javax.swing.text.AbstractDocument.handleRemove(Unknown Source)
[2019-11-11 22:17:39.585]: 	at javax.swing.text.AbstractDocument.remove(Unknown Source)
[2019-11-11 22:17:39.585]: 	at javax.swing.text.DefaultEditorKit$DeletePrevCharAction.actionPerformed(Unknown Source)
[2019-11-11 22:17:39.585]: 	at javax.swing.SwingUtilities.notifyAction(Unknown Source)
[2019-11-11 22:17:39.585]: 	at javax.swing.JComponent.processKeyBinding(Unknown Source)
[2019-11-11 22:17:39.585]: 	at javax.swing.JComponent.processKeyBindings(Unknown Source)
[2019-11-11 22:17:39.585]: 	at javax.swing.JComponent.processKeyEvent(Unknown Source)
[2019-11-11 22:17:39.586]: 	at java.awt.Component.processEvent(Unknown Source)
[2019-11-11 22:17:39.586]: 	at java.awt.Container.processEvent(Unknown Source)
[2019-11-11 22:17:39.586]: 	at java.awt.Component.dispatchEventImpl(Unknown Source)
[2019-11-11 22:17:39.586]: 	at java.awt.Container.dispatchEventImpl(Unknown Source)
[2019-11-11 22:17:39.586]: 	at java.awt.Component.dispatchEvent(Unknown Source)
[2019-11-11 22:17:39.586]: 	at java.awt.KeyboardFocusManager.redispatchEvent(Unknown Source)
[2019-11-11 22:17:39.586]: 	at java.awt.DefaultKeyboardFocusManager.dispatchKeyEvent(Unknown Source)
[2019-11-11 22:17:39.586]: 	at java.awt.DefaultKeyboardFocusManager.preDispatchKeyEvent(Unknown Source)
[2019-11-11 22:17:39.586]: 	at java.awt.DefaultKeyboardFocusManager.typeAheadAssertions(Unknown Source)
[2019-11-11 22:17:39.586]: 	at java.awt.DefaultKeyboardFocusManager.dispatchEvent(Unknown Source)
[2019-11-11 22:17:39.586]: 	at java.awt.Component.dispatchEventImpl(Unknown Source)
[2019-11-11 22:17:39.586]: 	at java.awt.Container.dispatchEventImpl(Unknown Source)
[2019-11-11 22:17:39.586]: 	at java.awt.Window.dispatchEventImpl(Unknown Source)
[2019-11-11 22:17:39.586]: 	at java.awt.Component.dispatchEvent(Unknown Source)
[2019-11-11 22:17:39.586]: 	at java.awt.EventQueue.dispatchEventImpl(Unknown Source)
[2019-11-11 22:17:39.587]: 	at java.awt.EventQueue.access$500(Unknown Source)
[2019-11-11 22:17:39.587]: 	at java.awt.EventQueue$3.run(Unknown Source)
[2019-11-11 22:17:39.587]: 	at java.awt.EventQueue$3.run(Unknown Source)
[2019-11-11 22:17:39.587]: 	at java.security.AccessController.doPrivileged(Native Method)
[2019-11-11 22:17:39.587]: 	at java.security.ProtectionDomain$JavaSecurityAccessImpl.doIntersectionPrivilege(Unknown Source)
[2019-11-11 22:17:39.591]: 	at java.security.ProtectionDomain$JavaSecurityAccessImpl.doIntersectionPrivilege(Unknown Source)
[2019-11-11 22:17:39.591]: 	at java.awt.EventQueue$4.run(Unknown Source)
[2019-11-11 22:17:39.591]: 	at java.awt.EventQueue$4.run(Unknown Source)
[2019-11-11 22:17:39.591]: 	at java.security.AccessController.doPrivileged(Native Method)
[2019-11-11 22:17:39.591]: 	at java.security.ProtectionDomain$JavaSecurityAccessImpl.doIntersectionPrivilege(Unknown Source)
[2019-11-11 22:17:39.591]: 	at java.awt.EventQueue.dispatchEvent(Unknown Source)
[2019-11-11 22:17:39.592]: 	at java.awt.EventDispatchThread.pumpOneEventForFilters(Unknown Source)
[2019-11-11 22:17:39.592]: 	at java.awt.EventDispatchThread.pumpEventsForFilter(Unknown Source)
[2019-11-11 22:17:39.592]: 	at java.awt.EventDispatchThread.pumpEventsForHierarchy(Unknown Source)
[2019-11-11 22:17:39.592]: 	at java.awt.EventDispatchThread.pumpEvents(Unknown Source)
[2019-11-11 22:17:39.592]: 	at java.awt.EventDispatchThread.pumpEvents(Unknown Source)
[2019-11-11 22:17:39.592]: 	at java.awt.EventDispatchThread.run(Unknown Source)
[2019-11-11 22:17:39.592]: Trying to normalize invalid path
[2019-11-11 22:17:39.592]: java.nio.file.InvalidPathException: Trailing char < > at index 10: C:\Program 
[2019-11-11 22:17:39.592]: 	at sun.nio.fs.WindowsPathParser.normalize(Unknown Source)
[2019-11-11 22:17:39.592]: 	at sun.nio.fs.WindowsPathParser.parse(Unknown Source)
[2019-11-11 22:17:39.592]: 	at sun.nio.fs.WindowsPathParser.parse(Unknown Source)
[2019-11-11 22:17:39.592]: 	at sun.nio.fs.WindowsPath.parse(Unknown Source)
[2019-11-11 22:17:39.592]: 	at sun.nio.fs.WindowsFileSystem.getPath(Unknown Source)
[2019-11-11 22:17:39.592]: 	at org.netbeans.installer.utils.FileUtils.getNormalizedPathFile(FileUtils.java:1392)
[2019-11-11 22:17:39.592]: 	at org.netbeans.installer.utils.applications.JavaUtils.getInfo(JavaUtils.java:149)
[2019-11-11 22:17:39.597]: 	at org.netbeans.installer.wizard.components.panels.JdkLocationPanel.isArchitectureMatching(JdkLocationPanel.java:551)
[2019-11-11 22:17:39.597]: 	at org.netbeans.installer.products.nb.base.wizard.panels.NbBasePanel$NbBaseDestinationPanelSwingUi$2.validate(NbBasePanel.java:419)
[2019-11-11 22:17:39.597]: 	at org.netbeans.installer.wizard.components.panels.ApplicationLocationPanel$LocationsComboBoxEditor$1.removeUpdate(ApplicationLocationPanel.java:438)
[2019-11-11 22:17:39.597]: 	at javax.swing.text.AbstractDocument.fireRemoveUpdate(Unknown Source)
[2019-11-11 22:17:39.597]: 	at javax.swing.text.AbstractDocument.handleRemove(Unknown Source)
[2019-11-11 22:17:39.597]: 	at javax.swing.text.AbstractDocument.remove(Unknown Source)
[2019-11-11 22:17:39.597]: 	at javax.swing.text.DefaultEditorKit$DeletePrevCharAction.actionPerformed(Unknown Source)
[2019-11-11 22:17:39.597]: 	at javax.swing.SwingUtilities.notifyAction(Unknown Source)
[2019-11-11 22:17:39.597]: 	at javax.swing.JComponent.processKeyBinding(Unknown Source)
[2019-11-11 22:17:39.597]: 	at javax.swing.JComponent.processKeyBindings(Unknown Source)
[2019-11-11 22:17:39.597]: 	at javax.swing.JComponent.processKeyEvent(Unknown Source)
[2019-11-11 22:17:39.597]: 	at java.awt.Component.processEvent(Unknown Source)
[2019-11-11 22:17:39.597]: 	at java.awt.Container.processEvent(Unknown Source)
[2019-11-11 22:17:39.597]: 	at java.awt.Component.dispatchEventImpl(Unknown Source)
[2019-11-11 22:17:39.597]: 	at java.awt.Container.dispatchEventImpl(Unknown Source)
[2019-11-11 22:17:39.597]: 	at java.awt.Component.dispatchEvent(Unknown Source)
[2019-11-11 22:17:39.597]: 	at java.awt.KeyboardFocusManager.redispatchEvent(Unknown Source)
[2019-11-11 22:17:39.597]: 	at java.awt.DefaultKeyboardFocusManager.dispatchKeyEvent(Unknown Source)
[2019-11-11 22:17:39.597]: 	at java.awt.DefaultKeyboardFocusManager.preDispatchKeyEvent(Unknown Source)
[2019-11-11 22:17:39.597]: 	at java.awt.DefaultKeyboardFocusManager.typeAheadAssertions(Unknown Source)
[2019-11-11 22:17:39.597]: 	at java.awt.DefaultKeyboardFocusManager.dispatchEvent(Unknown Source)
[2019-11-11 22:17:39.597]: 	at java.awt.Component.dispatchEventImpl(Unknown Source)
[2019-11-11 22:17:39.604]: 	at java.awt.Container.dispatchEventImpl(Unknown Source)
[2019-11-11 22:17:39.605]: 	at java.awt.Window.dispatchEventImpl(Unknown Source)
[2019-11-11 22:17:39.605]: 	at java.awt.Component.dispatchEvent(Unknown Source)
[2019-11-11 22:17:39.605]: 	at java.awt.EventQueue.dispatchEventImpl(Unknown Source)
[2019-11-11 22:17:39.605]: 	at java.awt.EventQueue.access$500(Unknown Source)
[2019-11-11 22:17:39.605]: 	at java.awt.EventQueue$3.run(Unknown Source)
[2019-11-11 22:17:39.605]: 	at java.awt.EventQueue$3.run(Unknown Source)
[2019-11-11 22:17:39.605]: 	at java.security.AccessController.doPrivileged(Native Method)
[2019-11-11 22:17:39.605]: 	at java.security.ProtectionDomain$JavaSecurityAccessImpl.doIntersectionPrivilege(Unknown Source)
[2019-11-11 22:17:39.605]: 	at java.security.ProtectionDomain$JavaSecurityAccessImpl.doIntersectionPrivilege(Unknown Source)
[2019-11-11 22:17:39.605]: 	at java.awt.EventQueue$4.run(Unknown Source)
[2019-11-11 22:17:39.605]: 	at java.awt.EventQueue$4.run(Unknown Source)
[2019-11-11 22:17:39.605]: 	at java.security.AccessController.doPrivileged(Native Method)
[2019-11-11 22:17:39.605]: 	at java.security.ProtectionDomain$JavaSecurityAccessImpl.doIntersectionPrivilege(Unknown Source)
[2019-11-11 22:17:39.605]: 	at java.awt.EventQueue.dispatchEvent(Unknown Source)
[2019-11-11 22:17:39.605]: 	at java.awt.EventDispatchThread.pumpOneEventForFilters(Unknown Source)
[2019-11-11 22:17:39.605]: 	at java.awt.EventDispatchThread.pumpEventsForFilter(Unknown Source)
[2019-11-11 22:17:39.605]: 	at java.awt.EventDispatchThread.pumpEventsForHierarchy(Unknown Source)
[2019-11-11 22:17:39.605]: 	at java.awt.EventDispatchThread.pumpEvents(Unknown Source)
[2019-11-11 22:17:39.605]: 	at java.awt.EventDispatchThread.pumpEvents(Unknown Source)
[2019-11-11 22:17:39.605]: 	at java.awt.EventDispatchThread.run(Unknown Source)
[2019-11-11 22:17:39.612]: NameResolver - to parse The specified JDK folder does not exist.
[2019-11-11 22:17:39.633]: NameResolver - to parse The specified JDK folder does not exist.
[2019-11-11 22:17:39.672]: NameResolver - to parse The specified JDK folder does not exist.
[2019-11-11 22:17:39.703]: NameResolver - to parse The specified JDK folder does not exist.
[2019-11-11 22:17:39.731]: NameResolver - to parse The specified JDK folder does not exist.
[2019-11-11 22:17:39.759]: NameResolver - to parse The specified JDK folder does not exist.
[2019-11-11 22:17:39.789]: NameResolver - to parse The specified JDK folder does not exist.
[2019-11-11 22:17:39.816]: NameResolver - to parse The specified JDK folder does not contain JDK.
[2019-11-11 22:17:39.846]: NameResolver - to parse The specified JDK folder is invalid.
[2019-11-11 22:17:39.875]: NameResolver - to parse The specified JDK folder is invalid.
[2019-11-11 22:17:40.981]: NameResolver - to parse The path to the JDK cannot be empty.
[2019-11-11 22:17:42.994]: NameResolver - to parse The path to the JDK cannot be empty.
[2019-11-11 22:17:43.327]: NameResolver - to parse Cancel
[2019-11-11 22:17:43.327]: NameResolver - to parse Are you sure you want to cancel?
[2019-11-11 22:17:43.327]: ... showing Yes/No dialog
[2019-11-11 22:17:43.327]:     title: Cancel
[2019-11-11 22:17:43.328]:     message: Are you sure you want to cancel?
[2019-11-11 22:17:45.376]: ... dialog closed, choice : yes
